%!Adobe-FontList 1.19
%Locale:0x411

%BeginFont
Handler:DirectoryHandler
FontType:TrueType
FontName:MonotypeCorsiva
FamilyName:Monotype Corsiva
StyleName:Regular
FullName:Monotype Corsiva
MenuName:Monotype Corsiva
StyleBits:1
WritingScript:Roman
OutlineFileName:C:\Users\Charles Advincula\Desktop\Advincula_Print_Final_Assets\Advincula_Print_Final Folder\Document fonts\MTCORSVA.TTF
DataFormat:sfntData
hasSVG:no
VariableFontType:NonVariableFont
FileLength:157360
FileModTime:1476308338
WeightClass:400
WidthClass:5
AngleClass:1
NameArray:0,Mac,4,Monotype Corsiva
NameArray:0,Win,1,Monotype Corsiva
%EndFont

%BeginFont
Handler:DirectoryHandler
FontType:TrueType
FontName:SnellRoundhand-Script
FamilyName:SnellRoundhand Script
StyleName:Italic
FullName:Snell Roundhand Script
MenuName:SnellRoundhand Script
StyleBits:1
WritingScript:Roman
OutlineFileName:C:\Users\Charles Advincula\Desktop\Advincula_Print_Final_Assets\Advincula_Print_Final Folder\Document fonts\Snell Roundhand Script.ttf
DataFormat:sfntData
hasSVG:no
VariableFontType:NonVariableFont
FileLength:96144
FileModTime:1524636284
WeightClass:400
WidthClass:5
AngleClass:0
NameArray:0,Mac,4,Snell Roundhand Script
NameArray:0,Win,1,SnellRoundhand Script
%EndFont

%BeginFont
Handler:DirectoryHandler
FontType:TrueType
FontName:TimesNewRomanPSMT
FamilyName:Times New Roman
StyleName:Regular
FullName:Times New Roman
MenuName:Times New Roman
StyleBits:0
WritingScript:Roman
OutlineFileName:C:\Users\Charles Advincula\Desktop\Advincula_Print_Final_Assets\Advincula_Print_Final Folder\Document fonts\times.ttf
DataFormat:sfntData
hasSVG:no
VariableFontType:NonVariableFont
FileLength:1162804
FileModTime:1506692487
WeightClass:400
WidthClass:5
AngleClass:0
NameArray:0,Mac,4,Times New Roman
NameArray:0,Win,1,Times New Roman
%EndFont

%BeginFont
Handler:DirectoryHandler
FontType:Type1
FontName:ZapfinoForteLTPro
FamilyName:Zapfino Forte LT Pro
StyleName:Regular
FullName:Zapfino Forte LT Pro
MenuName:Zapfino Forte LT Pro
StyleBits:0
WritingScript:Roman
OutlineFileName:C:\Users\Charles Advincula\Desktop\Advincula_Print_Final_Assets\Advincula_Print_Final Folder\Document fonts\ZapfinoForteLTPro.otf
DataFormat:sfntData
UsesStandardEncoding:yes
isCFF:yes
hasSVG:no
VariableFontType:NonVariableFont
FileLength:56484
FileModTime:1524636116
WeightClass:400
WidthClass:5
AngleClass:1
NameArray:0,Mac,4,Zapfino Forte LT Pro
NameArray:0,Win,1,Zapfino Forte LT Pro
%EndFont

